<?xml version="1.0" encoding="UTF-8"?>
<!-- Generated by org.testng.reporters.JUnitReportReporter -->
<testsuite hostname="DESKTOP-4SVBIVL" failures="0" tests="2" name="testcases.Test1" time="56.625" errors="0" timestamp="2025-02-19T20:44:58 IST" skipped="0">
  <testcase classname="testcases.Test1" name="ZohoLoginPage" time="46.841"/>
  <system-out/>
  <testcase classname="testcases.Test1" name="InstaLoginPage" time="9.784"/>
  <system-out/>
</testsuite> <!-- testcases.Test1 -->
